Sending build context to Docker daemon 2.048 kB
Step 1 : FROM ubuntu:14.04
 ---> 0ccb13bf1954
Step 2 : MAINTAINER Jan Święcki <jan.swiecki@gmail.com>
 ---> Using cache
 ---> 57b06f5a9d60
Step 3 : RUN apt-get update && apt-get install -y curl
 ---> Using cache
 ---> 2688abf9132c
Step 4 : LABEL "hyzoneCurl" "true"
 ---> Using cache
 ---> 693d1bb3d457
Successfully built 693d1bb3d457
88b24ffed8064a84064bd67bc78b25611d59c1115fd200a7acec0343568d4f82
Sending build context to Docker daemon 16.38 kB
Step 1 : COPY installers/node.sh /opt/installers
Sending build context to Docker daemon 19.46 kB
Step 1 : COPY installers/node.sh /opt/installers
Sending build context to Docker daemon 19.46 kB
Step 1 : FROM ubuntu:14.04
 ---> 0ccb13bf1954
Step 2 : RUN mkdir -p /opt/installers
 ---> Running in e753f095ee0b
 ---> 875308a513ff
Removing intermediate container e753f095ee0b
Step 3 : WORKDIR /opt/installers
 ---> Running in 15c1162ee7b7
 ---> 42f6c98cd3be
Removing intermediate container 15c1162ee7b7
Step 4 : COPY installers/node.sh /opt/installers
 ---> 1868230b1d58
Removing intermediate container d31453f3acb7
Step 5 : RUN /opt/installers/node.sh
 ---> Running in 4f04ed10e51e
[91m/opt/installers/node.sh: line 3: curl: command not found
[0mReading package lists...
Building dependency tree...
Reading state information...
[91mE: Unable to locate package nodejs
[0mSending build context to Docker daemon 19.97 kB
Step 1 : FROM ubuntu:14.04
 ---> 0ccb13bf1954
Step 2 : RUN mkdir -p /opt/installers
 ---> Using cache
 ---> 875308a513ff
Step 3 : WORKDIR /opt/installers
 ---> Using cache
 ---> 42f6c98cd3be
Step 4 : COPY installers/node.sh /opt/installers
 ---> 1a2d8c64c0dd
Removing intermediate container 4dabba253ec8
Step 5 : RUN /opt/installers/node.sh
 ---> Running in 7b6ccfaebdd0
[91m/opt/installers/node.sh: line 3: curl: command not found
/opt/installers/node.sh: line 3: -E: command not found
[0mReading package lists...
Building dependency tree...
Reading state information...
[91mE: Unable to locate package nodejs
[0mSending build context to Docker daemon 20.48 kB
Step 1 : FROM ubuntu:14.04
 ---> 0ccb13bf1954
Step 2 : RUN mkdir -p /opt/installers
 ---> Using cache
 ---> 875308a513ff
Step 3 : WORKDIR /opt/installers
 ---> Using cache
 ---> 42f6c98cd3be
Step 4 : COPY installers/node.sh /opt/installers
 ---> ade340489849
Removing intermediate container 895232b6d820
Step 5 : RUN /opt/installers/node.sh
 ---> Running in df39f736a8d3
[91m/opt/installers/node.sh: line 3: curl: command not found
[0m123113
[91m/opt/installers/node.sh: line 3: -E: command not found
[0mReading package lists...
Building dependency tree...
Reading state information...
[91mE[0m[91m: Unable to locate package nodejs
[0mSending build context to Docker daemon  21.5 kB
Step 1 : FROM ubuntu:14.04
 ---> 0ccb13bf1954
Step 2 : RUN mkdir -p /opt/installers
 ---> Using cache
 ---> 875308a513ff
Step 3 : WORKDIR /opt/installers
 ---> Using cache
 ---> 42f6c98cd3be
Step 4 : COPY installers/node.sh /opt/installers
 ---> a1126c0b1a57
Removing intermediate container 37da228d5e0c
Step 5 : RUN /opt/installers/node.sh
 ---> Running in 2a16d68d8c07
123113
[91m/opt/installers/node.sh: line 4: curl: command not found
/opt/installers/node.sh: line 4: -E: command not found
[0mReading package lists...
Building dependency tree...
Reading state information...
[91mE: Unable to locate package nodejs
[0mSending build context to Docker daemon 22.02 kB
Step 1 : FROM ubuntu:14.04
 ---> 0ccb13bf1954
Step 2 : RUN mkdir -p /opt/installers
 ---> Using cache
 ---> 875308a513ff
Step 3 : WORKDIR /opt/installers
 ---> Using cache
 ---> 42f6c98cd3be
Step 4 : COPY installers/node.sh /opt/installers
 ---> 143410c09569
Removing intermediate container 822d23cd2fe7
Step 5 : RUN /opt/installers/node.sh
 ---> Running in f5875480dd5b
Ign http://archive.ubuntu.com trusty InRelease
Get:1 http://archive.ubuntu.com trusty-updates InRelease [65.9 kB]
Get:2 http://archive.ubuntu.com trusty-security InRelease [65.9 kB]
Get:3 http://archive.ubuntu.com trusty Release.gpg [933 B]
Get:4 http://archive.ubuntu.com trusty Release [58.5 kB]
Get:5 http://archive.ubuntu.com trusty-updates/main Sources [471 kB]
Get:6 http://archive.ubuntu.com trusty-updates/restricted Sources [5247 B]
Get:7 http://archive.ubuntu.com trusty-updates/universe Sources [201 kB]
Get:8 http://archive.ubuntu.com trusty-updates/main amd64 Packages [1105 kB]
Get:9 http://archive.ubuntu.com trusty-updates/restricted amd64 Packages [23.5 kB]
Get:10 http://archive.ubuntu.com trusty-updates/universe amd64 Packages [474 kB]
Get:11 http://archive.ubuntu.com trusty-security/main Sources [150 kB]
Get:12 http://archive.ubuntu.com trusty-security/restricted Sources [3944 B]
Get:13 http://archive.ubuntu.com trusty-security/universe Sources [44.1 kB]
Get:14 http://archive.ubuntu.com trusty-security/main amd64 Packages [644 kB]
Get:15 http://archive.ubuntu.com trusty-security/restricted amd64 Packages [20.2 kB]
Get:16 http://archive.ubuntu.com trusty-security/universe amd64 Packages [170 kB]
Get:17 http://archive.ubuntu.com trusty/main Sources [1335 kB]
Get:18 http://archive.ubuntu.com trusty/restricted Sources [5335 B]
Get:19 http://archive.ubuntu.com trusty/universe Sources [7926 kB]
Get:20 http://archive.ubuntu.com trusty/main amd64 Packages [1743 kB]
Get:21 http://archive.ubuntu.com trusty/restricted amd64 Packages [16.0 kB]
Get:22 http://archive.ubuntu.com trusty/universe amd64 Packages [7589 kB]
Fetched 22.1 MB in 5s (4160 kB/s)
Reading package lists...
Reading package lists...
Building dependency tree...
Reading state information...
The following extra packages will be installed:
  ca-certificates krb5-locales libasn1-8-heimdal libcurl3 libgssapi-krb5-2
  libgssapi3-heimdal libhcrypto4-heimdal libheimbase1-heimdal
  libheimntlm0-heimdal libhx509-5-heimdal libidn11 libk5crypto3 libkeyutils1
  libkrb5-26-heimdal libkrb5-3 libkrb5support0 libldap-2.4-2
  libroken18-heimdal librtmp0 libsasl2-2 libsasl2-modules libsasl2-modules-db
  libwind0-heimdal openssl
Suggested packages:
  krb5-doc krb5-user libsasl2-modules-otp libsasl2-modules-ldap
  libsasl2-modules-sql libsasl2-modules-gssapi-mit
  libsasl2-modules-gssapi-heimdal
The following NEW packages will be installed:
  ca-certificates curl krb5-locales libasn1-8-heimdal libcurl3
  libgssapi-krb5-2 libgssapi3-heimdal libhcrypto4-heimdal libheimbase1-heimdal
  libheimntlm0-heimdal libhx509-5-heimdal libidn11 libk5crypto3 libkeyutils1
  libkrb5-26-heimdal libkrb5-3 libkrb5support0 libldap-2.4-2
  libroken18-heimdal librtmp0 libsasl2-2 libsasl2-modules libsasl2-modules-db
  libwind0-heimdal openssl
0 upgraded, 25 newly installed, 0 to remove and 6 not upgraded.
Need to get 2689 kB of archives.
After this operation, 11.6 MB of additional disk space will be used.
Get:1 http://archive.ubuntu.com/ubuntu/ trusty-updates/main libroken18-heimdal amd64 1.6~git20131207+dfsg-1ubuntu1.1 [40.0 kB]
Get:2 http://archive.ubuntu.com/ubuntu/ trusty-updates/main libasn1-8-heimdal amd64 1.6~git20131207+dfsg-1ubuntu1.1 [161 kB]
Get:3 http://archive.ubuntu.com/ubuntu/ trusty-updates/main libkrb5support0 amd64 1.12+dfsg-2ubuntu5.2 [30.7 kB]
Get:4 http://archive.ubuntu.com/ubuntu/ trusty-updates/main libk5crypto3 amd64 1.12+dfsg-2ubuntu5.2 [79.4 kB]
Get:5 http://archive.ubuntu.com/ubuntu/ trusty/main libkeyutils1 amd64 1.5.6-1 [7318 B]
Get:6 http://archive.ubuntu.com/ubuntu/ trusty-updates/main libkrb5-3 amd64 1.12+dfsg-2ubuntu5.2 [262 kB]
Get:7 http://archive.ubuntu.com/ubuntu/ trusty-updates/main libgssapi-krb5-2 amd64 1.12+dfsg-2ubuntu5.2 [114 kB]
Get:8 http://archive.ubuntu.com/ubuntu/ trusty-updates/main libhcrypto4-heimdal amd64 1.6~git20131207+dfsg-1ubuntu1.1 [83.9 kB]
Get:9 http://archive.ubuntu.com/ubuntu/ trusty-updates/main libheimbase1-heimdal amd64 1.6~git20131207+dfsg-1ubuntu1.1 [28.9 kB]
Get:10 http://archive.ubuntu.com/ubuntu/ trusty-updates/main libwind0-heimdal amd64 1.6~git20131207+dfsg-1ubuntu1.1 [47.8 kB]
Get:11 http://archive.ubuntu.com/ubuntu/ trusty-updates/main libhx509-5-heimdal amd64 1.6~git20131207+dfsg-1ubuntu1.1 [104 kB]
Get:12 http://archive.ubuntu.com/ubuntu/ trusty-updates/main libkrb5-26-heimdal amd64 1.6~git20131207+dfsg-1ubuntu1.1 [196 kB]
Get:13 http://archive.ubuntu.com/ubuntu/ trusty-updates/main libheimntlm0-heimdal amd64 1.6~git20131207+dfsg-1ubuntu1.1 [15.2 kB]
Get:14 http://archive.ubuntu.com/ubuntu/ trusty-updates/main libgssapi3-heimdal amd64 1.6~git20131207+dfsg-1ubuntu1.1 [89.8 kB]
Get:15 http://archive.ubuntu.com/ubuntu/ trusty/main libidn11 amd64 1.28-1ubuntu2 [93.0 kB]
Get:16 http://archive.ubuntu.com/ubuntu/ trusty/main libsasl2-modules-db amd64 2.1.25.dfsg1-17build1 [14.9 kB]
Get:17 http://archive.ubuntu.com/ubuntu/ trusty/main libsasl2-2 amd64 2.1.25.dfsg1-17build1 [56.5 kB]
Get:18 http://archive.ubuntu.com/ubuntu/ trusty-updates/main libldap-2.4-2 amd64 2.4.31-1+nmu2ubuntu8.3 [153 kB]
Get:19 http://archive.ubuntu.com/ubuntu/ trusty/main librtmp0 amd64 2.4+20121230.gitdf6c518-1 [57.5 kB]
Get:20 http://archive.ubuntu.com/ubuntu/ trusty-updates/main libcurl3 amd64 7.35.0-1ubuntu2.8 [173 kB]
Get:21 http://archive.ubuntu.com/ubuntu/ trusty-updates/main openssl amd64 1.0.1f-1ubuntu2.19 [490 kB]
Get:22 http://archive.ubuntu.com/ubuntu/ trusty-updates/main ca-certificates all 20160104ubuntu0.14.04.1 [190 kB]
Get:23 http://archive.ubuntu.com/ubuntu/ trusty-updates/main krb5-locales all 1.12+dfsg-2ubuntu5.2 [13.6 kB]
Get:24 http://archive.ubuntu.com/ubuntu/ trusty/main libsasl2-modules amd64 2.1.25.dfsg1-17build1 [64.3 kB]
Get:25 http://archive.ubuntu.com/ubuntu/ trusty-updates/main curl amd64 7.35.0-1ubuntu2.8 [123 kB]
[91mdebconf: unable to initialize frontend: Dialog
[0m[91mdebconf: (TERM is not set, so the dialog frontend is not usable.)
debconf: falling back to frontend: Readline
[0m[91mdebconf: unable to initialize frontend: Readline
debconf: (This frontend requires a controlling tty.)
debconf: falling back to frontend: Teletype
[0m[91mdpkg-preconfigure: unable to re-open stdin: 
[0mFetched 2689 kB in 1s (1619 kB/s)
Selecting previously unselected package libroken18-heimdal:amd64.
(Reading database ... 11558 files and directories currently installed.)
Preparing to unpack .../libroken18-heimdal_1.6~git20131207+dfsg-1ubuntu1.1_amd64.deb ...
Unpacking libroken18-heimdal:amd64 (1.6~git20131207+dfsg-1ubuntu1.1) ...
Selecting previously unselected package libasn1-8-heimdal:amd64.
Preparing to unpack .../libasn1-8-heimdal_1.6~git20131207+dfsg-1ubuntu1.1_amd64.deb ...
Unpacking libasn1-8-heimdal:amd64 (1.6~git20131207+dfsg-1ubuntu1.1) ...
Selecting previously unselected package libkrb5support0:amd64.
Preparing to unpack .../libkrb5support0_1.12+dfsg-2ubuntu5.2_amd64.deb ...
Unpacking libkrb5support0:amd64 (1.12+dfsg-2ubuntu5.2) ...
Selecting previously unselected package libk5crypto3:amd64.
Preparing to unpack .../libk5crypto3_1.12+dfsg-2ubuntu5.2_amd64.deb ...
Unpacking libk5crypto3:amd64 (1.12+dfsg-2ubuntu5.2) ...
Selecting previously unselected package libkeyutils1:amd64.
Preparing to unpack .../libkeyutils1_1.5.6-1_amd64.deb ...
Unpacking libkeyutils1:amd64 (1.5.6-1) ...
Selecting previously unselected package libkrb5-3:amd64.
Preparing to unpack .../libkrb5-3_1.12+dfsg-2ubuntu5.2_amd64.deb ...
Unpacking libkrb5-3:amd64 (1.12+dfsg-2ubuntu5.2) ...
Selecting previously unselected package libgssapi-krb5-2:amd64.
Preparing to unpack .../libgssapi-krb5-2_1.12+dfsg-2ubuntu5.2_amd64.deb ...
Unpacking libgssapi-krb5-2:amd64 (1.12+dfsg-2ubuntu5.2) ...
Selecting previously unselected package libhcrypto4-heimdal:amd64.
Preparing to unpack .../libhcrypto4-heimdal_1.6~git20131207+dfsg-1ubuntu1.1_amd64.deb ...
Unpacking libhcrypto4-heimdal:amd64 (1.6~git20131207+dfsg-1ubuntu1.1) ...
Selecting previously unselected package libheimbase1-heimdal:amd64.
Preparing to unpack .../libheimbase1-heimdal_1.6~git20131207+dfsg-1ubuntu1.1_amd64.deb ...
Unpacking libheimbase1-heimdal:amd64 (1.6~git20131207+dfsg-1ubuntu1.1) ...
Selecting previously unselected package libwind0-heimdal:amd64.
Preparing to unpack .../libwind0-heimdal_1.6~git20131207+dfsg-1ubuntu1.1_amd64.deb ...
Unpacking libwind0-heimdal:amd64 (1.6~git20131207+dfsg-1ubuntu1.1) ...
Selecting previously unselected package libhx509-5-heimdal:amd64.
Preparing to unpack .../libhx509-5-heimdal_1.6~git20131207+dfsg-1ubuntu1.1_amd64.deb ...
Unpacking libhx509-5-heimdal:amd64 (1.6~git20131207+dfsg-1ubuntu1.1) ...
Selecting previously unselected package libkrb5-26-heimdal:amd64.
Preparing to unpack .../libkrb5-26-heimdal_1.6~git20131207+dfsg-1ubuntu1.1_amd64.deb ...
Unpacking libkrb5-26-heimdal:amd64 (1.6~git20131207+dfsg-1ubuntu1.1) ...
Selecting previously unselected package libheimntlm0-heimdal:amd64.
Preparing to unpack .../libheimntlm0-heimdal_1.6~git20131207+dfsg-1ubuntu1.1_amd64.deb ...
Unpacking libheimntlm0-heimdal:amd64 (1.6~git20131207+dfsg-1ubuntu1.1) ...
Selecting previously unselected package libgssapi3-heimdal:amd64.
Preparing to unpack .../libgssapi3-heimdal_1.6~git20131207+dfsg-1ubuntu1.1_amd64.deb ...
Unpacking libgssapi3-heimdal:amd64 (1.6~git20131207+dfsg-1ubuntu1.1) ...
Selecting previously unselected package libidn11:amd64.
Preparing to unpack .../libidn11_1.28-1ubuntu2_amd64.deb ...
Unpacking libidn11:amd64 (1.28-1ubuntu2) ...
Selecting previously unselected package libsasl2-modules-db:amd64.
Preparing to unpack .../libsasl2-modules-db_2.1.25.dfsg1-17build1_amd64.deb ...
Unpacking libsasl2-modules-db:amd64 (2.1.25.dfsg1-17build1) ...
Selecting previously unselected package libsasl2-2:amd64.
Preparing to unpack .../libsasl2-2_2.1.25.dfsg1-17build1_amd64.deb ...
Unpacking libsasl2-2:amd64 (2.1.25.dfsg1-17build1) ...
Selecting previously unselected package libldap-2.4-2:amd64.
Preparing to unpack .../libldap-2.4-2_2.4.31-1+nmu2ubuntu8.3_amd64.deb ...
Unpacking libldap-2.4-2:amd64 (2.4.31-1+nmu2ubuntu8.3) ...
Selecting previously unselected package librtmp0:amd64.
Preparing to unpack .../librtmp0_2.4+20121230.gitdf6c518-1_amd64.deb ...
Unpacking librtmp0:amd64 (2.4+20121230.gitdf6c518-1) ...
Selecting previously unselected package libcurl3:amd64.
Preparing to unpack .../libcurl3_7.35.0-1ubuntu2.8_amd64.deb ...
Unpacking libcurl3:amd64 (7.35.0-1ubuntu2.8) ...
Selecting previously unselected package openssl.
Preparing to unpack .../openssl_1.0.1f-1ubuntu2.19_amd64.deb ...
Unpacking openssl (1.0.1f-1ubuntu2.19) ...
Selecting previously unselected package ca-certificates.
Preparing to unpack .../ca-certificates_20160104ubuntu0.14.04.1_all.deb ...
Unpacking ca-certificates (20160104ubuntu0.14.04.1) ...
Selecting previously unselected package krb5-locales.
Preparing to unpack .../krb5-locales_1.12+dfsg-2ubuntu5.2_all.deb ...
Unpacking krb5-locales (1.12+dfsg-2ubuntu5.2) ...
Selecting previously unselected package libsasl2-modules:amd64.
Preparing to unpack .../libsasl2-modules_2.1.25.dfsg1-17build1_amd64.deb ...
Unpacking libsasl2-modules:amd64 (2.1.25.dfsg1-17build1) ...
Selecting previously unselected package curl.
Preparing to unpack .../curl_7.35.0-1ubuntu2.8_amd64.deb ...
Unpacking curl (7.35.0-1ubuntu2.8) ...
Setting up libroken18-heimdal:amd64 (1.6~git20131207+dfsg-1ubuntu1.1) ...
Setting up libasn1-8-heimdal:amd64 (1.6~git20131207+dfsg-1ubuntu1.1) ...
Setting up libkrb5support0:amd64 (1.12+dfsg-2ubuntu5.2) ...
Setting up libk5crypto3:amd64 (1.12+dfsg-2ubuntu5.2) ...
Setting up libkeyutils1:amd64 (1.5.6-1) ...
Setting up libkrb5-3:amd64 (1.12+dfsg-2ubuntu5.2) ...
Setting up libgssapi-krb5-2:amd64 (1.12+dfsg-2ubuntu5.2) ...
Setting up libhcrypto4-heimdal:amd64 (1.6~git20131207+dfsg-1ubuntu1.1) ...
Setting up libheimbase1-heimdal:amd64 (1.6~git20131207+dfsg-1ubuntu1.1) ...
Setting up libwind0-heimdal:amd64 (1.6~git20131207+dfsg-1ubuntu1.1) ...
Setting up libhx509-5-heimdal:amd64 (1.6~git20131207+dfsg-1ubuntu1.1) ...
Setting up libkrb5-26-heimdal:amd64 (1.6~git20131207+dfsg-1ubuntu1.1) ...
Setting up libheimntlm0-heimdal:amd64 (1.6~git20131207+dfsg-1ubuntu1.1) ...
Setting up libgssapi3-heimdal:amd64 (1.6~git20131207+dfsg-1ubuntu1.1) ...
Setting up libidn11:amd64 (1.28-1ubuntu2) ...
Setting up libsasl2-modules-db:amd64 (2.1.25.dfsg1-17build1) ...
Setting up libsasl2-2:amd64 (2.1.25.dfsg1-17build1) ...
Setting up libldap-2.4-2:amd64 (2.4.31-1+nmu2ubuntu8.3) ...
Setting up librtmp0:amd64 (2.4+20121230.gitdf6c518-1) ...
Setting up libcurl3:amd64 (7.35.0-1ubuntu2.8) ...
Setting up openssl (1.0.1f-1ubuntu2.19) ...
Setting up ca-certificates (20160104ubuntu0.14.04.1) ...
[91mdebconf: unable to initialize frontend: Dialog
debconf: (TERM is not set, so the dialog frontend is not usable.)
debconf: falling back to frontend: Readline
[0m[91mdebconf: unable to initialize frontend: Readline
debconf: (This frontend requires a controlling tty.)
debconf: falling back to frontend: Teletype
[0mSetting up krb5-locales (1.12+dfsg-2ubuntu5.2) ...
Setting up libsasl2-modules:amd64 (2.1.25.dfsg1-17build1) ...
Setting up curl (7.35.0-1ubuntu2.8) ...
Processing triggers for libc-bin (2.19-0ubuntu6.9) ...
Processing triggers for ca-certificates (20160104ubuntu0.14.04.1) ...
Updating certificates in /etc/ssl/certs... 173 added, 0 removed; done.
Running hooks in /etc/ca-certificates/update.d....done.
[91m/opt/installers/node.sh: line 5: -E: command not found
[0m